mpif77 -c  -O3 -fdefault-real-8 -fdefault-double-8 -x f77-cpp-input -DPTRSIZE8 -DMPI -DMPI -DLONGINT8 -DUNDERSCORE -DGLOBAL_LONG_LONG -I/Users/psakievich/Documents/workspace/nekFFTmodule -I/Users/psakievich/soft/Nek5000/core -I./ IntPtsFFT.f -o obj/IntPtsFFT.o
IntPtsFFT.f:166.31:

     &                 rFFTpts(3,1),ndim,nFFTtotal)                     
                               1
Warning: Array reference at (1) is out of bounds (3 > 2) in dimension 1
IntPtsFFT.f:287.16:

              n(2)=nFFTly1                                              
                1
Warning: Array reference at (1) is out of bounds (2 > 1) in dimension 1
IntPtsFFT.f:300.12:

          n(2)=nFFTlz1                                                  
            1
Warning: Array reference at (1) is out of bounds (2 > 1) in dimension 1
IntPtsFFT.f:308.10:

        n(2)=nFFTly1                                                    
          1
Warning: Array reference at (1) is out of bounds (2 > 1) in dimension 1
IntPtsFFT.f:309.10:

        n(3)=nFFTlz1                                                    
          1
Warning: Array reference at (1) is out of bounds (3 > 1) in dimension 1
mpif77 -c  -O2 -fdefault-real-8 -fdefault-double-8 -x f77-cpp-input -DPTRSIZE8 -DMPI -DMPI -DLONGINT8 -DUNDERSCORE -DGLOBAL_LONG_LONG -I/Users/psakievich/Documents/workspace/nekFFTmodule -I/Users/psakievich/soft/Nek5000/core -I/Users/psakievich/soft/Nek5000/core/cmt -I./ /Users/psakievich/Documents/workspace/nekFFTmodule/eddy_uv.f    -o obj/eddy_uv.o 
mpif77 -o nek5000  obj/eddy_uv.o obj/drive.o obj/drive1.o obj/drive2.o obj/plan4.o obj/bdry.o obj/coef.o obj/conduct.o obj/connect1.o obj/connect2.o obj/dssum.o obj/edgec.o obj/eigsolv.o obj/gauss.o obj/genxyz.o obj/navier1.o obj/makeq.o obj/navier0.o obj/navier2.o obj/navier3.o obj/navier4.o obj/prepost.o obj/speclib.o obj/map2.o obj/turb.o obj/mvmesh.o obj/ic.o obj/ssolv.o obj/planx.o obj/math.o obj/mxm_wrapper.o obj/hmholtz.o obj/gfdm_par.o obj/gfdm_op.o obj/gfdm_solve.o obj/subs1.o obj/subs2.o obj/genbox.o obj/gmres.o obj/hsmg.o obj/convect.o obj/induct.o obj/perturb.o obj/navier5.o obj/navier6.o obj/navier7.o obj/navier8.o obj/fast3d.o obj/fasts.o obj/calcz.o obj/byte.o obj/chelpers.o obj/byte_mpi.o obj/postpro.o obj/cvode_driver.o obj/nek_comm.o obj/init_plugin.o obj/setprop.o obj/qthermal.o obj/cvode_aux.o obj/makeq_aux.o obj/papi.o obj/nek_in_situ.o obj/readat_new.o obj/finiparser.o obj/iniparser.o obj/dictionary.o obj/cmt_dummy.o obj/mxm_std.o obj/blas.o obj/IntPtsFFT.o obj/comm_mpi.o obj/singlmesh.o obj/dsygv.o obj/ssygv.o obj/jl_gs.o obj/jl_sort.o obj/jl_sarray_transfer.o obj/jl_sarray_sort.o obj/jl_gs_local.o obj/jl_crystal.o obj/jl_comm.o obj/jl_tensor.o obj/jl_fail.o obj/jl_fcrystal.o obj/jl_findpts.o obj/jl_findpts_local.o obj/jl_obbox.o obj/jl_poly.o obj/jl_lob_bnd.o obj/jl_findpts_el_3.o obj/jl_findpts_el_2.o obj/jl_sparse_cholesky.o obj/jl_xxt.o obj/jl_fcrs.o -L/Users/psakievich/soft/lib -lfftw3 -lm
#############################################################
#                  Compilation successful!                  #
#############################################################
__TEXT	__DATA	__OBJC	others	dec	hex
3829760	92422144	0	4295200768	4391452672	105c04000	


